[debug] [2019-04-10T16:08:18.857Z] ----------------------------------------------------------------------
[debug] [2019-04-10T16:08:18.860Z] Command:       /usr/local/bin/node /usr/local/bin/firebase init
[debug] [2019-04-10T16:08:18.860Z] CLI Version:   6.5.0
[debug] [2019-04-10T16:08:18.860Z] Platform:      darwin
[debug] [2019-04-10T16:08:18.860Z] Node Version:  v10.15.1
[debug] [2019-04-10T16:08:18.872Z] Time:          Wed Apr 10 2019 18:08:18 GMT+0200 (Central European Summer Time)
[debug] [2019-04-10T16:08:18.872Z] ----------------------------------------------------------------------
[debug] 
[debug] [2019-04-10T16:08:18.891Z] > command requires scopes: ["email","openid","https://www.googleapis.com/auth/cloudplatformprojects.readonly","https://www.googleapis.com/auth/firebase","https://www.googleapis.com/auth/cloud-platform"]
[debug] [2019-04-10T16:08:18.891Z] > authorizing via signed-in user
[info] 
     ######## #### ########  ######## ########     ###     ######  ########
     ##        ##  ##     ## ##       ##     ##  ##   ##  ##       ##
     ######    ##  ########  ######   ########  #########  ######  ######
     ##        ##  ##    ##  ##       ##     ## ##     ##       ## ##
     ##       #### ##     ## ######## ########  ##     ##  ######  ########

You're about to initialize a Firebase project in this directory:

  /Users/elenaglezrabal/Desktop/IMT master/4rd period/Dynamic Web/lyricsearching

Before we get started, keep in mind:

  * You are initializing in an existing Firebase project directory

[info] 
=== Project Setup
[info] 
[info] First, let's associate this project directory with a Firebase project.
[info] You can create multiple project aliases by running firebase use --add, 
[info] but for now we'll just set up a default project.
[info] 
[info] i  .firebaserc already has a default project, skipping
[info] 
=== Hosting Setup
[info] 
[info] Your public directory is the folder (relative to your project directory) that
[info] will contain Hosting assets to be uploaded with firebase deploy. If you
[info] have a build process for your assets, use your build's output directory.
[info] 
